<?xml version="1.0" encoding="UTF-8"?>
<!-- Generated by org.testng.reporters.JUnitXMLReporter -->
<testsuite ignored="0" hostname="DurgaRao-PC" failures="0" tests="3" name="Default test" time="1.748" errors="0" timestamp="11 May 2020 00:19:01 GMT">
  <testcase classname="Utilities.excelDataProvider" name="test1" time="0.018"/>
  <testcase classname="Utilities.excelDataProvider" name="test1" time="0.014"/>
  <testcase classname="Utilities.excelDataProvider" name="test1" time="0.008"/>
</testsuite> <!-- Default test -->
