<?xml version="1.0" encoding="UTF-8"?>
<testng-results ignored="0" total="3" passed="3" failed="0" skipped="0">
  <reporter-output>
  </reporter-output>
  <suite started-at="2020-05-11T00:18:59Z" name="Default suite" finished-at="2020-05-11T00:19:01Z" duration-ms="1748">
    <groups>
    </groups>
    <test started-at="2020-05-11T00:18:59Z" name="Default test" finished-at="2020-05-11T00:19:01Z" duration-ms="1748">
      <class name="Utilities.excelDataProvider">
        <test-method signature="test1(java.lang.String, java.lang.String)[pri:0, instance:Utilities.excelDataProvider@46cdf8bd]" started-at="2020-05-11T00:19:01Z" name="test1" data-provider="test1data" finished-at="2020-05-11T00:19:01Z" duration-ms="18" status="PASS">
          <params>
            <param index="0">
              <value>
                <![CDATA[9885184604]]>
              </value>
            </param>
            <param index="1">
              <value>
                <![CDATA[Abc@admin0]]>
              </value>
            </param>
          </params>
          <reporter-output>
          </reporter-output>
        </test-method> <!-- test1 -->
        <test-method signature="test1(java.lang.String, java.lang.String)[pri:0, instance:Utilities.excelDataProvider@46cdf8bd]" started-at="2020-05-11T00:19:01Z" name="test1" data-provider="test1data" finished-at="2020-05-11T00:19:01Z" duration-ms="14" status="PASS">
          <params>
            <param index="0">
              <value>
                <![CDATA[897042]]>
              </value>
            </param>
            <param index="1">
              <value>
                <![CDATA[123]]>
              </value>
            </param>
          </params>
          <reporter-output>
          </reporter-output>
        </test-method> <!-- test1 -->
        <test-method signature="test1(java.lang.String, java.lang.String)[pri:0, instance:Utilities.excelDataProvider@46cdf8bd]" started-at="2020-05-11T00:19:01Z" name="test1" data-provider="test1data" finished-at="2020-05-11T00:19:01Z" duration-ms="8" status="PASS">
          <params>
            <param index="0">
              <value>
                <![CDATA[6018]]>
              </value>
            </param>
            <param index="1">
              <value>
                <![CDATA[456]]>
              </value>
            </param>
          </params>
          <reporter-output>
          </reporter-output>
        </test-method> <!-- test1 -->
      </class> <!-- Utilities.excelDataProvider -->
    </test> <!-- Default test -->
  </suite> <!-- Default suite -->
</testng-results>
